{"$message_type":"diagnostic","message":"expected expression, found `.`","code":null,"level":"error","spans":[{"file_name":"src\\main.rs","byte_start":239,"byte_end":240,"line_start":11,"line_end":11,"column_start":5,"column_end":6,"is_primary":true,"text":[{"text":"    .await","highlight_start":5,"highlight_end":6}],"label":"expected expression","suggested_replacement":null,"suggestion_applicability":null,"expansion":null}],"children":[],"rendered":"\u001b[1m\u001b[91merror\u001b[0m\u001b[1m\u001b[97m: expected expression, found `.`\u001b[0m\n  \u001b[1m\u001b[96m--> \u001b[0msrc\\main.rs:11:5\n   \u001b[1m\u001b[96m|\u001b[0m\n\u001b[1m\u001b[96m11\u001b[0m \u001b[1m\u001b[96m|\u001b[0m     .await\n   \u001b[1m\u001b[96m|\u001b[0m     \u001b[1m\u001b[91m^\u001b[0m \u001b[1m\u001b[91mexpected expression\u001b[0m\n\n"}
{"$message_type":"diagnostic","message":"cannot find function `get` in this scope","code":{"code":"E0425","explanation":"An unresolved name was used.\n\nErroneous code examples:\n\n```compile_fail,E0425\nsomething_that_doesnt_exist::foo;\n// error: unresolved name `something_that_doesnt_exist::foo`\n\n// or:\n\ntrait Foo {\n    fn bar() {\n        Self; // error: unresolved name `Self`\n    }\n}\n\n// or:\n\nlet x = unknown_variable;  // error: unresolved name `unknown_variable`\n```\n\nPlease verify that the name wasn't misspelled and ensure that the\nidentifier being referred to is valid for the given situation. Example:\n\n```\nenum something_that_does_exist {\n    Foo,\n}\n```\n\nOr:\n\n```\nmod something_that_does_exist {\n    pub static foo : i32 = 0i32;\n}\n\nsomething_that_does_exist::foo; // ok!\n```\n\nOr:\n\n```\nlet unknown_variable = 12u32;\nlet x = unknown_variable; // ok!\n```\n\nIf the item is not defined in the current module, it must be imported using a\n`use` statement, like so:\n\n```\n# mod foo { pub fn bar() {} }\n# fn main() {\nuse foo::bar;\nbar();\n# }\n```\n\nIf the item you are importing is not defined in some super-module of the\ncurrent module, then it must also be declared as public (e.g., `pub fn`).\n"},"level":"error","spans":[{"file_name":"src\\main.rs","byte_start":109,"byte_end":112,"line_start":5,"line_end":5,"column_start":36,"column_end":39,"is_primary":true,"text":[{"text":"    Router::new().route(\"/health\", get(health_check));","highlight_start":36,"highlight_end":39}],"label":"not found in this scope","suggested_replacement":null,"suggestion_applicability":null,"expansion":null}],"children":[{"message":"consider importing this function","code":null,"level":"help","spans":[{"file_name":"src\\main.rs","byte_start":0,"byte_end":0,"line_start":1,"line_end":1,"column_start":1,"column_end":1,"is_primary":true,"text":[],"label":null,"suggested_replacement":"use axum::routing::get;\n","suggestion_applicability":"MaybeIncorrect","expansion":null}],"children":[],"rendered":null}],"rendered":"\u001b[1m\u001b[91merror[E0425]\u001b[0m\u001b[1m\u001b[97m: cannot find function `get` in this scope\u001b[0m\n \u001b[1m\u001b[96m--> \u001b[0msrc\\main.rs:5:36\n  \u001b[1m\u001b[96m|\u001b[0m\n\u001b[1m\u001b[96m5\u001b[0m \u001b[1m\u001b[96m|\u001b[0m     Router::new().route(\"/health\", get(health_check));\n  \u001b[1m\u001b[96m|\u001b[0m                                    \u001b[1m\u001b[91m^^^\u001b[0m \u001b[1m\u001b[91mnot found in this scope\u001b[0m\n  \u001b[1m\u001b[96m|\u001b[0m\n\u001b[1m\u001b[96mhelp\u001b[0m: consider importing this function\n  \u001b[1m\u001b[96m|\u001b[0m\n\u001b[1m\u001b[96m1\u001b[0m \u001b[92m+ use axum::routing::get;\u001b[0m\n  \u001b[1m\u001b[96m|\u001b[0m\n\n"}
{"$message_type":"diagnostic","message":"mismatched types","code":{"code":"E0308","explanation":"Expected type did not match the received type.\n\nErroneous code examples:\n\n```compile_fail,E0308\nfn plus_one(x: i32) -> i32 {\n    x + 1\n}\n\nplus_one(\"Not a number\");\n//       ^^^^^^^^^^^^^^ expected `i32`, found `&str`\n\nif \"Not a bool\" {\n// ^^^^^^^^^^^^ expected `bool`, found `&str`\n}\n\nlet x: f32 = \"Not a float\";\n//     ---   ^^^^^^^^^^^^^ expected `f32`, found `&str`\n//     |\n//     expected due to this\n```\n\nThis error occurs when an expression was used in a place where the compiler\nexpected an expression of a different type. It can occur in several cases, the\nmost common being when calling a function and passing an argument which has a\ndifferent type than the matching type in the function declaration.\n"},"level":"error","spans":[{"file_name":"src\\main.rs","byte_start":65,"byte_end":71,"line_start":4,"line_end":4,"column_start":20,"column_end":26,"is_primary":true,"text":[{"text":"fn create_app() -> Router {","highlight_start":20,"highlight_end":26}],"label":"expected `Router`, found `()`","suggested_replacement":null,"suggestion_applicability":null,"expansion":null},{"file_name":"src\\main.rs","byte_start":49,"byte_end":59,"line_start":4,"line_end":4,"column_start":4,"column_end":14,"is_primary":false,"text":[{"text":"fn create_app() -> Router {","highlight_start":4,"highlight_end":14}],"label":"implicitly returns `()` as its body has no tail or `return` expression","suggested_replacement":null,"suggestion_applicability":null,"expansion":null}],"children":[{"message":"expected struct `axum::Router`\nfound unit type `()`","code":null,"level":"note","spans":[],"children":[],"rendered":null},{"message":"remove this semicolon to return this value","code":null,"level":"help","spans":[{"file_name":"src\\main.rs","byte_start":127,"byte_end":128,"line_start":5,"line_end":5,"column_start":54,"column_end":55,"is_primary":true,"text":[{"text":"    Router::new().route(\"/health\", get(health_check));","highlight_start":54,"highlight_end":55}],"label":null,"suggested_replacement":"","suggestion_applicability":"MachineApplicable","expansion":null}],"children":[],"rendered":null}],"rendered":"\u001b[1m\u001b[91merror[E0308]\u001b[0m\u001b[1m\u001b[97m: mismatched types\u001b[0m\n \u001b[1m\u001b[96m--> \u001b[0msrc\\main.rs:4:20\n  \u001b[1m\u001b[96m|\u001b[0m\n\u001b[1m\u001b[96m4\u001b[0m \u001b[1m\u001b[96m|\u001b[0m fn create_app() -> Router {\n  \u001b[1m\u001b[96m|\u001b[0m    \u001b[1m\u001b[96m----------\u001b[0m      \u001b[1m\u001b[91m^^^^^^\u001b[0m \u001b[1m\u001b[91mexpected `Router`, found `()`\u001b[0m\n  \u001b[1m\u001b[96m|\u001b[0m    \u001b[1m\u001b[96m|\u001b[0m\n  \u001b[1m\u001b[96m|\u001b[0m    \u001b[1m\u001b[96mimplicitly returns `()` as its body has no tail or `return` expression\u001b[0m\n\u001b[1m\u001b[96m5\u001b[0m \u001b[1m\u001b[96m|\u001b[0m     Router::new().route(\"/health\", get(health_check));\n  \u001b[1m\u001b[96m|\u001b[0m                                                      \u001b[1m\u001b[96m-\u001b[0m \u001b[1m\u001b[96mhelp: remove this semicolon to return this value\u001b[0m\n  \u001b[1m\u001b[96m|\u001b[0m\n  \u001b[1m\u001b[96m= \u001b[0m\u001b[1m\u001b[97mnote\u001b[0m: expected struct `\u001b[1m\u001b[35maxum::Router\u001b[0m`\n          found unit type `\u001b[1m\u001b[35m()\u001b[0m`\n\n"}
{"$message_type":"diagnostic","message":"aborting due to 3 previous errors","code":null,"level":"error","spans":[],"children":[],"rendered":"\u001b[1m\u001b[91merror\u001b[0m\u001b[1m\u001b[97m: aborting due to 3 previous errors\u001b[0m\n\n"}
{"$message_type":"diagnostic","message":"Some errors have detailed explanations: E0308, E0425.","code":null,"level":"failure-note","spans":[],"children":[],"rendered":"\u001b[1m\u001b[97mSome errors have detailed explanations: E0308, E0425.\u001b[0m\n"}
{"$message_type":"diagnostic","message":"For more information about an error, try `rustc --explain E0308`.","code":null,"level":"failure-note","spans":[],"children":[],"rendered":"\u001b[1m\u001b[97mFor more information about an error, try `rustc --explain E0308`.\u001b[0m\n"}
