{"$message_type":"diagnostic","message":"expected `;`, found keyword `use`","code":null,"level":"error","spans":[{"file_name":"src\\main.rs","byte_start":83,"byte_end":86,"line_start":3,"line_end":3,"column_start":1,"column_end":4,"is_primary":false,"text":[{"text":"use serde_json::json;","highlight_start":1,"highlight_end":4}],"label":"unexpected token","suggested_replacement":null,"suggestion_applicability":null,"expansion":null},{"file_name":"src\\main.rs","byte_start":81,"byte_end":81,"line_start":1,"line_end":1,"column_start":82,"column_end":82,"is_primary":true,"text":[{"text":"use axum::{http::StatusCode, response::IntoResponse, routing::get, Json, Router }","highlight_start":82,"highlight_end":82}],"label":null,"suggested_replacement":null,"suggestion_applicability":null,"expansion":null}],"children":[{"message":"add `;` here","code":null,"level":"help","spans":[{"file_name":"src\\main.rs","byte_start":81,"byte_end":81,"line_start":1,"line_end":1,"column_start":82,"column_end":82,"is_primary":true,"text":[{"text":"use axum::{http::StatusCode, response::IntoResponse, routing::get, Json, Router }","highlight_start":82,"highlight_end":82}],"label":null,"suggested_replacement":";","suggestion_applicability":"MachineApplicable","expansion":null}],"children":[],"rendered":null}],"rendered":"\u001b[1m\u001b[91merror\u001b[0m\u001b[1m\u001b[97m: expected `;`, found keyword `use`\u001b[0m\n \u001b[1m\u001b[96m--> \u001b[0msrc\\main.rs:1:82\n  \u001b[1m\u001b[96m|\u001b[0m\n\u001b[1m\u001b[96m1\u001b[0m \u001b[1m\u001b[96m|\u001b[0m use axum::{http::StatusCode, response::IntoResponse, routing::get, Json, Router }\n  \u001b[1m\u001b[96m|\u001b[0m                                                                                  \u001b[1m\u001b[91m^\u001b[0m \u001b[1m\u001b[91mhelp: add `;` here\u001b[0m\n\u001b[1m\u001b[96m2\u001b[0m \u001b[1m\u001b[96m|\u001b[0m\n\u001b[1m\u001b[96m3\u001b[0m \u001b[1m\u001b[96m|\u001b[0m use serde_json::json;\n  \u001b[1m\u001b[96m|\u001b[0m \u001b[1m\u001b[96m---\u001b[0m \u001b[1m\u001b[96munexpected token\u001b[0m\n\n"}
{"$message_type":"diagnostic","message":"unresolved import `serde_json`","code":{"code":"E0432","explanation":"An import was unresolved.\n\nErroneous code example:\n\n```compile_fail,E0432\nuse something::Foo; // error: unresolved import `something::Foo`.\n```\n\nIn Rust 2015, paths in `use` statements are relative to the crate root. To\nimport items relative to the current and parent modules, use the `self::` and\n`super::` prefixes, respectively.\n\nIn Rust 2018 or later, paths in `use` statements are relative to the current\nmodule unless they begin with the name of a crate or a literal `crate::`, in\nwhich case they start from the crate root. As in Rust 2015 code, the `self::`\nand `super::` prefixes refer to the current and parent modules respectively.\n\nAlso verify that you didn't misspell the import name and that the import exists\nin the module from where you tried to import it. Example:\n\n```\nuse self::something::Foo; // Ok.\n\nmod something {\n    pub struct Foo;\n}\n# fn main() {}\n```\n\nIf you tried to use a module from an external crate and are using Rust 2015,\nyou may have missed the `extern crate` declaration (which is usually placed in\nthe crate root):\n\n```edition2015\nextern crate core; // Required to use the `core` crate in Rust 2015.\n\nuse core::any;\n# fn main() {}\n```\n\nSince Rust 2018 the `extern crate` declaration is not required and\nyou can instead just `use` it:\n\n```edition2018\nuse core::any; // No extern crate required in Rust 2018.\n# fn main() {}\n```\n"},"level":"error","spans":[{"file_name":"src\\main.rs","byte_start":87,"byte_end":97,"line_start":3,"line_end":3,"column_start":5,"column_end":15,"is_primary":true,"text":[{"text":"use serde_json::json;","highlight_start":5,"highlight_end":15}],"label":"use of unresolved module or unlinked crate `serde_json`","suggested_replacement":null,"suggestion_applicability":null,"expansion":null}],"children":[{"message":"if you wanted to use a crate named `serde_json`, use `cargo add serde_json` to add it to your `Cargo.toml`","code":null,"level":"help","spans":[],"children":[],"rendered":null}],"rendered":"\u001b[1m\u001b[91merror[E0432]\u001b[0m\u001b[1m\u001b[97m: unresolved import `serde_json`\u001b[0m\n \u001b[1m\u001b[96m--> \u001b[0msrc\\main.rs:3:5\n  \u001b[1m\u001b[96m|\u001b[0m\n\u001b[1m\u001b[96m3\u001b[0m \u001b[1m\u001b[96m|\u001b[0m use serde_json::json;\n  \u001b[1m\u001b[96m|\u001b[0m     \u001b[1m\u001b[91m^^^^^^^^^^\u001b[0m \u001b[1m\u001b[91muse of unresolved module or unlinked crate `serde_json`\u001b[0m\n  \u001b[1m\u001b[96m|\u001b[0m\n  \u001b[1m\u001b[96m= \u001b[0m\u001b[1m\u001b[97mhelp\u001b[0m: if you wanted to use a crate named `serde_json`, use `cargo add serde_json` to add it to your `Cargo.toml`\n\n"}
{"$message_type":"diagnostic","message":"cannot find function `read_to_string` in this scope","code":{"code":"E0425","explanation":"An unresolved name was used.\n\nErroneous code examples:\n\n```compile_fail,E0425\nsomething_that_doesnt_exist::foo;\n// error: unresolved name `something_that_doesnt_exist::foo`\n\n// or:\n\ntrait Foo {\n    fn bar() {\n        Self; // error: unresolved name `Self`\n    }\n}\n\n// or:\n\nlet x = unknown_variable;  // error: unresolved name `unknown_variable`\n```\n\nPlease verify that the name wasn't misspelled and ensure that the\nidentifier being referred to is valid for the given situation. Example:\n\n```\nenum something_that_does_exist {\n    Foo,\n}\n```\n\nOr:\n\n```\nmod something_that_does_exist {\n    pub static foo : i32 = 0i32;\n}\n\nsomething_that_does_exist::foo; // ok!\n```\n\nOr:\n\n```\nlet unknown_variable = 12u32;\nlet x = unknown_variable; // ok!\n```\n\nIf the item is not defined in the current module, it must be imported using a\n`use` statement, like so:\n\n```\n# mod foo { pub fn bar() {} }\n# fn main() {\nuse foo::bar;\nbar();\n# }\n```\n\nIf the item you are importing is not defined in some super-module of the\ncurrent module, then it must also be declared as public (e.g., `pub fn`).\n"},"level":"error","spans":[{"file_name":"src\\main.rs","byte_start":655,"byte_end":669,"line_start":20,"line_end":20,"column_start":17,"column_end":31,"is_primary":true,"text":[{"text":"                read_to_string(),","highlight_start":17,"highlight_end":31}],"label":"not found in this scope","suggested_replacement":null,"suggestion_applicability":null,"expansion":null}],"children":[{"message":"consider importing one of these functions","code":null,"level":"help","spans":[{"file_name":"src\\main.rs","byte_start":0,"byte_end":0,"line_start":1,"line_end":1,"column_start":1,"column_end":1,"is_primary":true,"text":[],"label":null,"suggested_replacement":"use std::fs::read_to_string;\n","suggestion_applicability":"MaybeIncorrect","expansion":null},{"file_name":"src\\main.rs","byte_start":0,"byte_end":0,"line_start":1,"line_end":1,"column_start":1,"column_end":1,"is_primary":true,"text":[],"label":null,"suggested_replacement":"use std::io::read_to_string;\n","suggestion_applicability":"MaybeIncorrect","expansion":null},{"file_name":"src\\main.rs","byte_start":0,"byte_end":0,"line_start":1,"line_end":1,"column_start":1,"column_end":1,"is_primary":true,"text":[],"label":null,"suggested_replacement":"use tokio::fs::read_to_string;\n","suggestion_applicability":"MaybeIncorrect","expansion":null}],"children":[],"rendered":null}],"rendered":"\u001b[1m\u001b[91merror[E0425]\u001b[0m\u001b[1m\u001b[97m: cannot find function `read_to_string` in this scope\u001b[0m\n  \u001b[1m\u001b[96m--> \u001b[0msrc\\main.rs:20:17\n   \u001b[1m\u001b[96m|\u001b[0m\n\u001b[1m\u001b[96m20\u001b[0m \u001b[1m\u001b[96m|\u001b[0m                 read_to_string(),\n   \u001b[1m\u001b[96m|\u001b[0m                 \u001b[1m\u001b[91m^^^^^^^^^^^^^^\u001b[0m \u001b[1m\u001b[91mnot found in this scope\u001b[0m\n   \u001b[1m\u001b[96m|\u001b[0m\n\u001b[1m\u001b[96mhelp\u001b[0m: consider importing one of these functions\n   \u001b[1m\u001b[96m|\u001b[0m\n \u001b[1m\u001b[96m1\u001b[0m \u001b[92m+ use std::fs::read_to_string;\u001b[0m\n   \u001b[1m\u001b[96m|\u001b[0m\n \u001b[1m\u001b[96m1\u001b[0m \u001b[92m+ use std::io::read_to_string;\u001b[0m\n   \u001b[1m\u001b[96m|\u001b[0m\n \u001b[1m\u001b[96m1\u001b[0m \u001b[92m+ use tokio::fs::read_to_string;\u001b[0m\n   \u001b[1m\u001b[96m|\u001b[0m\n\n"}
{"$message_type":"diagnostic","message":"mismatched types","code":{"code":"E0308","explanation":"Expected type did not match the received type.\n\nErroneous code examples:\n\n```compile_fail,E0308\nfn plus_one(x: i32) -> i32 {\n    x + 1\n}\n\nplus_one(\"Not a number\");\n//       ^^^^^^^^^^^^^^ expected `i32`, found `&str`\n\nif \"Not a bool\" {\n// ^^^^^^^^^^^^ expected `bool`, found `&str`\n}\n\nlet x: f32 = \"Not a float\";\n//     ---   ^^^^^^^^^^^^^ expected `f32`, found `&str`\n//     |\n//     expected due to this\n```\n\nThis error occurs when an expression was used in a place where the compiler\nexpected an expression of a different type. It can occur in several cases, the\nmost common being when calling a function and passing an argument which has a\ndifferent type than the matching type in the function declaration.\n"},"level":"error","spans":[{"file_name":"src\\main.rs","byte_start":264,"byte_end":288,"line_start":13,"line_end":13,"column_start":31,"column_end":55,"is_primary":true,"text":[{"text":"    fn into_response(self) -> axum::response::Response {","highlight_start":31,"highlight_end":55}],"label":"expected `Response<Body>`, found `()`","suggested_replacement":null,"suggestion_applicability":null,"expansion":null},{"file_name":"src\\main.rs","byte_start":241,"byte_end":254,"line_start":13,"line_end":13,"column_start":8,"column_end":21,"is_primary":false,"text":[{"text":"    fn into_response(self) -> axum::response::Response {","highlight_start":8,"highlight_end":21}],"label":"implicitly returns `()` as its body has no tail or `return` expression","suggested_replacement":null,"suggestion_applicability":null,"expansion":null}],"children":[{"message":"expected struct `axum::http::Response<axum::body::Body>`\nfound unit type `()`","code":null,"level":"note","spans":[],"children":[],"rendered":null}],"rendered":"\u001b[1m\u001b[91merror[E0308]\u001b[0m\u001b[1m\u001b[97m: mismatched types\u001b[0m\n  \u001b[1m\u001b[96m--> \u001b[0msrc\\main.rs:13:31\n   \u001b[1m\u001b[96m|\u001b[0m\n\u001b[1m\u001b[96m13\u001b[0m \u001b[1m\u001b[96m|\u001b[0m     fn into_response(self) -> axum::response::Response {\n   \u001b[1m\u001b[96m|\u001b[0m        \u001b[1m\u001b[96m-------------\u001b[0m          \u001b[1m\u001b[91m^^^^^^^^^^^^^^^^^^^^^^^^\u001b[0m \u001b[1m\u001b[91mexpected `Response<Body>`, found `()`\u001b[0m\n   \u001b[1m\u001b[96m|\u001b[0m        \u001b[1m\u001b[96m|\u001b[0m\n   \u001b[1m\u001b[96m|\u001b[0m        \u001b[1m\u001b[96mimplicitly returns `()` as its body has no tail or `return` expression\u001b[0m\n   \u001b[1m\u001b[96m|\u001b[0m\n   \u001b[1m\u001b[96m= \u001b[0m\u001b[1m\u001b[97mnote\u001b[0m: expected struct `\u001b[1m\u001b[35maxum::http::Response<axum::body::Body>\u001b[0m`\n           found unit type `\u001b[1m\u001b[35m()\u001b[0m`\n\n"}
{"$message_type":"diagnostic","message":"aborting due to 4 previous errors","code":null,"level":"error","spans":[],"children":[],"rendered":"\u001b[1m\u001b[91merror\u001b[0m\u001b[1m\u001b[97m: aborting due to 4 previous errors\u001b[0m\n\n"}
{"$message_type":"diagnostic","message":"Some errors have detailed explanations: E0308, E0425, E0432.","code":null,"level":"failure-note","spans":[],"children":[],"rendered":"\u001b[1m\u001b[97mSome errors have detailed explanations: E0308, E0425, E0432.\u001b[0m\n"}
{"$message_type":"diagnostic","message":"For more information about an error, try `rustc --explain E0308`.","code":null,"level":"failure-note","spans":[],"children":[],"rendered":"\u001b[1m\u001b[97mFor more information about an error, try `rustc --explain E0308`.\u001b[0m\n"}
